<?xml version="1.0" encoding="UTF-8"?>
<!-- Generated by org.testng.reporters.JUnitReportReporter -->
<testsuite hostname="LL5CG75057GN" failures="0" tests="8" name="com.crm.qa.testcases.AphriaProductsPagetest" time="385.880" errors="0" timestamp="11 Apr 2019 17:05:18 GMT" skipped="0">
  <testcase classname="com.crm.qa.testcases.AphriaProductsPagetest" name="CaptureAphriaChurchilNordleProductNameAndPricetest" time="42.812"/>
  <testcase classname="com.crm.qa.testcases.AphriaProductsPagetest" name="AphriaBienvilleJeanGuyProductNameAndPricetest" time="50.126"/>
  <testcase classname="com.crm.qa.testcases.AphriaProductsPagetest" name="AphriaTremblantTreasureIslandProductNameAndPricetest" time="40.372"/>
  <testcase classname="com.crm.qa.testcases.AphriaProductsPagetest" name="AphriaSachigoSourKushProductNameAndPricetest" time="58.780"/>
  <testcase classname="com.crm.qa.testcases.AphriaProductsPagetest" name="AphriaRideauSativaProductNameAndPricetest" time="50.716"/>
  <testcase classname="com.crm.qa.testcases.AphriaProductsPagetest" name="AphriaCapilanoHybridProductNameAndPricetest" time="55.294"/>
  <testcase classname="com.crm.qa.testcases.AphriaProductsPagetest" name="AphriaChamplainSativaProductNameAndPricetest" time="41.714"/>
  <testcase classname="com.crm.qa.testcases.AphriaProductsPagetest" name="AphriaChamplainIndicaProductNameAndPrice" time="46.066"/>
</testsuite> <!-- com.crm.qa.testcases.AphriaProductsPagetest -->
