<?xml version="1.0" encoding="UTF-8"?>
<!-- Generated by org.testng.reporters.JUnitReportReporter -->
<testsuite hostname="LL5CG75057GN" failures="0" tests="3" name="com.crm.qa.testcases.Agegatetest" time="80.375" errors="0" timestamp="08 Apr 2019 04:08:55 GMT" skipped="0">
  <testcase classname="com.crm.qa.testcases.Agegatetest" name="AgegateTitletest" time="20.417"/>
  <testcase classname="com.crm.qa.testcases.Agegatetest" name="Agegateimagelogotest" time="37.197"/>
  <testcase classname="com.crm.qa.testcases.Agegatetest" name="Agegatelogintest" time="22.761"/>
</testsuite> <!-- com.crm.qa.testcases.Agegatetest -->
