<?xml version="1.0" encoding="UTF-8"?>
<!-- Generated by org.testng.reporters.JUnitReportReporter -->
<testsuite hostname="LL5CG75057GN" failures="0" tests="6" name="com.crm.qa.testcases.ProductsPagetest" time="263.979" errors="0" timestamp="10 Apr 2019 20:38:15 GMT" skipped="0">
  <testcase classname="com.crm.qa.testcases.ProductsPagetest" name="CaptureAphriaChurchilNordleProductNameAndPricetest" time="44.334"/>
  <testcase classname="com.crm.qa.testcases.ProductsPagetest" name="CaptureAuroraTowerProductNameAndPricetest" time="43.019"/>
  <testcase classname="com.crm.qa.testcases.ProductsPagetest" name="CaptureWeedMangoHazeProductNameAndPrice" time="38.552"/>
  <testcase classname="com.crm.qa.testcases.ProductsPagetest" name="AphriaBienvilleJeanGuyProductNameAndPrice" time="36.119"/>
  <testcase classname="com.crm.qa.testcases.ProductsPagetest" name="AphriaTremblantTreasureIslandProductNameAndPrice" time="50.002"/>
  <testcase classname="com.crm.qa.testcases.ProductsPagetest" name="AphriaSachigoSourKushProductNameAndPrice" time="51.953"/>
</testsuite> <!-- com.crm.qa.testcases.ProductsPagetest -->
