<?xml version="1.0" encoding="UTF-8"?>
<!-- Generated by org.testng.reporters.JUnitReportReporter -->
<testsuite hostname="LL5CG75057GN" failures="0" tests="2" name="com.crm.qa.testcases.BrokenCoastProductsPagetest" time="102.650" errors="0" timestamp="11 Apr 2019 18:37:21 GMT" skipped="0">
  <testcase classname="com.crm.qa.testcases.BrokenCoastProductsPagetest" name="CaptureBrokenCoastGalianoNorthernLightsHazeProductNameAndPricetest" time="50.475"/>
  <testcase classname="com.crm.qa.testcases.BrokenCoastProductsPagetest" name="BrokenCoastQuadraHeadStashProductNameAndPricetest" time="52.175"/>
</testsuite> <!-- com.crm.qa.testcases.BrokenCoastProductsPagetest -->
